<?xml version="1.0" encoding="UTF-8"?>
<testsuite name="com.salesforce.eu11.RunIT" time="5.13" tests="53" errors="0" skipped="0" failures="0">
  <properties>
[...]
</properties>
  <testcase name="Given I am on Salesforce login page" classname="| test obj 02 | test desc | test measure | FINANCIAL |  | 20/02/2016 | 19/02/2017 | 10/02/2018 | 10 | HIGH | YES | YES |" time="0.016"/>
  <testcase name="When I enter valid &quot;trial7382@trial.fairsail.com&quot; and password &quot;fairsail01&quot;" classname="| test obj 02 | test desc | test measure | FINANCIAL |  | 20/02/2016 | 19/02/2017 | 10/02/2018 | 10 | HIGH | YES | YES |" time="0"/>
  <testcase name="Then I see Salesforce homepage" classname="| test obj 02 | test desc | test measure | FINANCIAL |  | 20/02/2016 | 19/02/2017 | 10/02/2018 | 10 | HIGH | YES | YES |" time="0"/>
  <testcase name="When I navigate to Workforce eXperience tab" classname="| test obj 02 | test desc | test measure | FINANCIAL |  | 20/02/2016 | 19/02/2017 | 10/02/2018 | 10 | HIGH | YES | YES |" time="0"/>
  <testcase name="And I create new personal objective" classname="| test obj 02 | test desc | test measure | FINANCIAL |  | 20/02/2016 | 19/02/2017 | 10/02/2018 | 10 | HIGH | YES | YES |" time="0"/>
  <testcase name="Then I see New Objective view" classname="| test obj 02 | test desc | test measure | FINANCIAL |  | 20/02/2016 | 19/02/2017 | 10/02/2018 | 10 | HIGH | YES | YES |" time="0"/>
  <testcase name="When I enter the Description details: Objective Name &quot;test obj 02&quot; and Description &quot;test desc&quot; and  Measure &quot;test measure&quot;" classname="| test obj 02 | test desc | test measure | FINANCIAL |  | 20/02/2016 | 19/02/2017 | 10/02/2018 | 10 | HIGH | YES | YES |" time="0.001"/>
  <testcase name="And I select Contribution to business details: Strategic Goal &quot;FINANCIAL&quot; and Contributes To &quot;&quot;" classname="| test obj 02 | test desc | test measure | FINANCIAL |  | 20/02/2016 | 19/02/2017 | 10/02/2018 | 10 | HIGH | YES | YES |" time="0"/>
  <testcase name="And I select Key dates details: Start Date &quot;20/02/2016&quot; End Date &quot;19/02/2017&quot; Next Review Date &quot;10/02/2018&quot;" classname="| test obj 02 | test desc | test measure | FINANCIAL |  | 20/02/2016 | 19/02/2017 | 10/02/2018 | 10 | HIGH | YES | YES |" time="0"/>
  <testcase name="And I enter Attributes: Weight &quot;10&quot; and Priority &quot;HIGH&quot; and select Required For Bonus &quot;YES&quot;" classname="| test obj 02 | test desc | test measure | FINANCIAL |  | 20/02/2016 | 19/02/2017 | 10/02/2018 | 10 | HIGH | YES | YES |" time="0"/>
  <testcase name="And I select Visibility: Is Private &quot;YES&quot;" classname="| test obj 02 | test desc | test measure | FINANCIAL |  | 20/02/2016 | 19/02/2017 | 10/02/2018 | 10 | HIGH | YES | YES |" time="0"/>
  <testcase name="And I click the Save button" classname="| test obj 02 | test desc | test measure | FINANCIAL |  | 20/02/2016 | 19/02/2017 | 10/02/2018 | 10 | HIGH | YES | YES |" time="0"/>
  <testcase name="Then Check record created for valid details &quot;test obj 02&quot;" classname="| test obj 02 | test desc | test measure | FINANCIAL |  | 20/02/2016 | 19/02/2017 | 10/02/2018 | 10 | HIGH | YES | YES |" time="0"/>
  <testcase name="| test obj 02 | test desc | test measure | FINANCIAL |  | 20/02/2016 | 19/02/2017 | 10/02/2018 | 10 | HIGH | YES | YES |" classname="| test obj 02 | test desc | test measure | FINANCIAL |  | 20/02/2016 | 19/02/2017 | 10/02/2018 | 10 | HIGH | YES | YES |" time="3.271"/>
  <testcase name="Given I am on Salesforce login page" classname="|  | obj name missing | test measure | FINANCIAL |  | 20/02/2016 | 19/02/2017 | 10/02/2018 | 10 | HIGH | YES | YES |" time="0.001"/>
  <testcase name="When I enter valid &quot;trial7382@trial.fairsail.com&quot; and password &quot;fairsail01&quot;" classname="|  | obj name missing | test measure | FINANCIAL |  | 20/02/2016 | 19/02/2017 | 10/02/2018 | 10 | HIGH | YES | YES |" time="0"/>
  <testcase name="Then I see Salesforce homepage" classname="|  | obj name missing | test measure | FINANCIAL |  | 20/02/2016 | 19/02/2017 | 10/02/2018 | 10 | HIGH | YES | YES |" time="0"/>
  <testcase name="When I navigate to Workforce eXperience tab" classname="|  | obj name missing | test measure | FINANCIAL |  | 20/02/2016 | 19/02/2017 | 10/02/2018 | 10 | HIGH | YES | YES |" time="0"/>
  <testcase name="And I create new personal objective" classname="|  | obj name missing | test measure | FINANCIAL |  | 20/02/2016 | 19/02/2017 | 10/02/2018 | 10 | HIGH | YES | YES |" time="0"/>
  <testcase name="Then I see New Objective view" classname="|  | obj name missing | test measure | FINANCIAL |  | 20/02/2016 | 19/02/2017 | 10/02/2018 | 10 | HIGH | YES | YES |" time="0"/>
  <testcase name="When I enter the Description details: Objective Name &quot;&quot; and Description &quot;obj name missing&quot; and  Measure &quot;test measure&quot;" classname="|  | obj name missing | test measure | FINANCIAL |  | 20/02/2016 | 19/02/2017 | 10/02/2018 | 10 | HIGH | YES | YES |" time="0"/>
  <testcase name="And I select Contribution to business details: Strategic Goal &quot;FINANCIAL&quot; and Contributes To &quot;&quot;" classname="|  | obj name missing | test measure | FINANCIAL |  | 20/02/2016 | 19/02/2017 | 10/02/2018 | 10 | HIGH | YES | YES |" time="0"/>
  <testcase name="And I select Key dates details: Start Date &quot;20/02/2016&quot; End Date &quot;19/02/2017&quot; Next Review Date &quot;10/02/2018&quot;" classname="|  | obj name missing | test measure | FINANCIAL |  | 20/02/2016 | 19/02/2017 | 10/02/2018 | 10 | HIGH | YES | YES |" time="0"/>
  <testcase name="And I enter Attributes: Weight &quot;10&quot; and Priority &quot;HIGH&quot; and select Required For Bonus &quot;YES&quot;" classname="|  | obj name missing | test measure | FINANCIAL |  | 20/02/2016 | 19/02/2017 | 10/02/2018 | 10 | HIGH | YES | YES |" time="0"/>
  <testcase name="And I select Visibility: Is Private &quot;YES&quot;" classname="|  | obj name missing | test measure | FINANCIAL |  | 20/02/2016 | 19/02/2017 | 10/02/2018 | 10 | HIGH | YES | YES |" time="0"/>
  <testcase name="Then Save button is not enabled" classname="|  | obj name missing | test measure | FINANCIAL |  | 20/02/2016 | 19/02/2017 | 10/02/2018 | 10 | HIGH | YES | YES |" time="0"/>
  <testcase name="|  | obj name missing | test measure | FINANCIAL |  | 20/02/2016 | 19/02/2017 | 10/02/2018 | 10 | HIGH | YES | YES |" classname="|  | obj name missing | test measure | FINANCIAL |  | 20/02/2016 | 19/02/2017 | 10/02/2018 | 10 | HIGH | YES | YES |" time="0.746"/>
  <testcase name="Given I am on Salesforce login page" classname="| Obj description missing |  | test measure | FINANCIAL |  | 20/02/2016 | 19/02/2017 | 10/02/2018 | 10 | HIGH | YES | YES |" time="0"/>
  <testcase name="When I enter valid &quot;trial7382@trial.fairsail.com&quot; and password &quot;fairsail01&quot;" classname="| Obj description missing |  | test measure | FINANCIAL |  | 20/02/2016 | 19/02/2017 | 10/02/2018 | 10 | HIGH | YES | YES |" time="0"/>
  <testcase name="Then I see Salesforce homepage" classname="| Obj description missing |  | test measure | FINANCIAL |  | 20/02/2016 | 19/02/2017 | 10/02/2018 | 10 | HIGH | YES | YES |" time="0"/>
  <testcase name="When I navigate to Workforce eXperience tab" classname="| Obj description missing |  | test measure | FINANCIAL |  | 20/02/2016 | 19/02/2017 | 10/02/2018 | 10 | HIGH | YES | YES |" time="0.001"/>
  <testcase name="And I create new personal objective" classname="| Obj description missing |  | test measure | FINANCIAL |  | 20/02/2016 | 19/02/2017 | 10/02/2018 | 10 | HIGH | YES | YES |" time="0.001"/>
  <testcase name="Then I see New Objective view" classname="| Obj description missing |  | test measure | FINANCIAL |  | 20/02/2016 | 19/02/2017 | 10/02/2018 | 10 | HIGH | YES | YES |" time="0"/>
  <testcase name="When I enter the Description details: Objective Name &quot;Obj description missing&quot; and Description &quot;&quot; and  Measure &quot;test measure&quot;" classname="| Obj description missing |  | test measure | FINANCIAL |  | 20/02/2016 | 19/02/2017 | 10/02/2018 | 10 | HIGH | YES | YES |" time="0"/>
  <testcase name="And I select Contribution to business details: Strategic Goal &quot;FINANCIAL&quot; and Contributes To &quot;&quot;" classname="| Obj description missing |  | test measure | FINANCIAL |  | 20/02/2016 | 19/02/2017 | 10/02/2018 | 10 | HIGH | YES | YES |" time="0"/>
  <testcase name="And I select Key dates details: Start Date &quot;20/02/2016&quot; End Date &quot;19/02/2017&quot; Next Review Date &quot;10/02/2018&quot;" classname="| Obj description missing |  | test measure | FINANCIAL |  | 20/02/2016 | 19/02/2017 | 10/02/2018 | 10 | HIGH | YES | YES |" time="0"/>
  <testcase name="And I enter Attributes: Weight &quot;10&quot; and Priority &quot;HIGH&quot; and select Required For Bonus &quot;YES&quot;" classname="| Obj description missing |  | test measure | FINANCIAL |  | 20/02/2016 | 19/02/2017 | 10/02/2018 | 10 | HIGH | YES | YES |" time="0"/>
  <testcase name="And I select Visibility: Is Private &quot;YES&quot;" classname="| Obj description missing |  | test measure | FINANCIAL |  | 20/02/2016 | 19/02/2017 | 10/02/2018 | 10 | HIGH | YES | YES |" time="0.001"/>
  <testcase name="Then Save button is not enabled" classname="| Obj description missing |  | test measure | FINANCIAL |  | 20/02/2016 | 19/02/2017 | 10/02/2018 | 10 | HIGH | YES | YES |" time="0"/>
  <testcase name="| Obj description missing |  | test measure | FINANCIAL |  | 20/02/2016 | 19/02/2017 | 10/02/2018 | 10 | HIGH | YES | YES |" classname="| Obj description missing |  | test measure | FINANCIAL |  | 20/02/2016 | 19/02/2017 | 10/02/2018 | 10 | HIGH | YES | YES |" time="0.447"/>
  <testcase name="Given I am on Salesforce login page" classname="| measure missing | obj name missing |  | FINANCIAL |  | 20/02/2016 | 19/02/2017 | 10/02/2018 | 10 | HIGH | YES | YES |" time="0"/>
  <testcase name="When I enter valid &quot;trial7382@trial.fairsail.com&quot; and password &quot;fairsail01&quot;" classname="| measure missing | obj name missing |  | FINANCIAL |  | 20/02/2016 | 19/02/2017 | 10/02/2018 | 10 | HIGH | YES | YES |" time="0"/>
  <testcase name="Then I see Salesforce homepage" classname="| measure missing | obj name missing |  | FINANCIAL |  | 20/02/2016 | 19/02/2017 | 10/02/2018 | 10 | HIGH | YES | YES |" time="0"/>
  <testcase name="When I navigate to Workforce eXperience tab" classname="| measure missing | obj name missing |  | FINANCIAL |  | 20/02/2016 | 19/02/2017 | 10/02/2018 | 10 | HIGH | YES | YES |" time="0"/>
  <testcase name="And I create new personal objective" classname="| measure missing | obj name missing |  | FINANCIAL |  | 20/02/2016 | 19/02/2017 | 10/02/2018 | 10 | HIGH | YES | YES |" time="0"/>
  <testcase name="Then I see New Objective view" classname="| measure missing | obj name missing |  | FINANCIAL |  | 20/02/2016 | 19/02/2017 | 10/02/2018 | 10 | HIGH | YES | YES |" time="0"/>
  <testcase name="When I enter the Description details: Objective Name &quot;measure missing&quot; and Description &quot;obj name missing&quot; and  Measure &quot;&quot;" classname="| measure missing | obj name missing |  | FINANCIAL |  | 20/02/2016 | 19/02/2017 | 10/02/2018 | 10 | HIGH | YES | YES |" time="0"/>
  <testcase name="And I select Contribution to business details: Strategic Goal &quot;FINANCIAL&quot; and Contributes To &quot;&quot;" classname="| measure missing | obj name missing |  | FINANCIAL |  | 20/02/2016 | 19/02/2017 | 10/02/2018 | 10 | HIGH | YES | YES |" time="0"/>
  <testcase name="And I select Key dates details: Start Date &quot;20/02/2016&quot; End Date &quot;19/02/2017&quot; Next Review Date &quot;10/02/2018&quot;" classname="| measure missing | obj name missing |  | FINANCIAL |  | 20/02/2016 | 19/02/2017 | 10/02/2018 | 10 | HIGH | YES | YES |" time="0"/>
  <testcase name="And I enter Attributes: Weight &quot;10&quot; and Priority &quot;HIGH&quot; and select Required For Bonus &quot;YES&quot;" classname="| measure missing | obj name missing |  | FINANCIAL |  | 20/02/2016 | 19/02/2017 | 10/02/2018 | 10 | HIGH | YES | YES |" time="0"/>
  <testcase name="And I select Visibility: Is Private &quot;YES&quot;" classname="| measure missing | obj name missing |  | FINANCIAL |  | 20/02/2016 | 19/02/2017 | 10/02/2018 | 10 | HIGH | YES | YES |" time="0"/>
  <testcase name="Then Save button is not enabled" classname="| measure missing | obj name missing |  | FINANCIAL |  | 20/02/2016 | 19/02/2017 | 10/02/2018 | 10 | HIGH | YES | YES |" time="0"/>
  <testcase name="| measure missing | obj name missing |  | FINANCIAL |  | 20/02/2016 | 19/02/2017 | 10/02/2018 | 10 | HIGH | YES | YES |" classname="| measure missing | obj name missing |  | FINANCIAL |  | 20/02/2016 | 19/02/2017 | 10/02/2018 | 10 | HIGH | YES | YES |" time="0.645"/>
</testsuite>